Oct-18 15:16:33.588 [main] DEBUG nextflow.cli.Launcher - $> nextflow run /Users/greningerlab/Documents/KC/Pipelines/HPV_Pipeline/main.nf --reads /Users/greningerlab/Documents/KC/Pipeline_Runs/HPV-PL_Testing/input_fastq/ --outdir /Users/greningerlab/Documents/KC/Pipeline_Runs/HPV-PL_Testing/hpv-pl_output/ --runName hpv-pl_testing --singleEnd -resume
Oct-18 15:16:33.656 [main] INFO  nextflow.cli.CmdRun - N E X T F L O W  ~  version 21.04.1
Oct-18 15:16:33.684 [main] INFO  nextflow.cli.CmdRun - Launching `/Users/greningerlab/Documents/KC/Pipelines/HPV_Pipeline/main.nf` [mad_crick] - revision: 4c7405b137
Oct-18 15:16:33.696 [main] DEBUG nextflow.config.ConfigBuilder - Found config base: /Users/greningerlab/Documents/KC/Pipelines/HPV_Pipeline/nextflow.config
Oct-18 15:16:33.697 [main] DEBUG nextflow.config.ConfigBuilder - Found config local: /Users/greningerlab/Documents/KC/Pipelines/HPV_Pipeline/scripts/nextflow.config
Oct-18 15:16:33.699 [main] DEBUG nextflow.config.ConfigBuilder - Parsing config file: /Users/greningerlab/Documents/KC/Pipelines/HPV_Pipeline/nextflow.config
Oct-18 15:16:33.699 [main] DEBUG nextflow.config.ConfigBuilder - Parsing config file: /Users/greningerlab/Documents/KC/Pipelines/HPV_Pipeline/scripts/nextflow.config
Oct-18 15:16:33.727 [main] DEBUG nextflow.config.ConfigBuilder - Applying config profile: `standard`
Oct-18 15:16:34.306 [main] DEBUG nextflow.config.ConfigBuilder - Applying config profile: `standard`
Oct-18 15:16:34.347 [main] WARN  nextflow.config.ConfigBuilder - It appears you have never run this project before -- Option `-resume` is ignored
Oct-18 15:16:34.373 [main] DEBUG nextflow.plugin.PluginsFacade - Setting up plugin manager > mode=prod; plugins-dir=/Users/greningerlab/.nextflow/plugins
Oct-18 15:16:34.375 [main] DEBUG nextflow.plugin.PluginsFacade - Plugins default=[nf-amazon@1.0.5]
Oct-18 15:16:34.380 [main] DEBUG nextflow.plugin.PluginsFacade - Plugins local root: .nextflow/plr/87881143a005e0d03979c7dc22790185
Oct-18 15:16:34.389 [main] INFO  org.pf4j.DefaultPluginStatusProvider - Enabled plugins: []
Oct-18 15:16:34.391 [main] INFO  org.pf4j.DefaultPluginStatusProvider - Disabled plugins: []
Oct-18 15:16:34.397 [main] INFO  org.pf4j.DefaultPluginManager - PF4J version 3.4.1 in 'deployment' mode
Oct-18 15:16:34.409 [main] INFO  org.pf4j.AbstractPluginManager - No plugins
Oct-18 15:16:34.409 [main] DEBUG nextflow.plugin.PluginUpdater - Installing plugin nf-amazon version: 1.0.5
Oct-18 15:16:34.450 [main] INFO  org.pf4j.AbstractPluginManager - Plugin 'nf-amazon@1.0.5' resolved
Oct-18 15:16:34.450 [main] INFO  org.pf4j.AbstractPluginManager - Start plugin 'nf-amazon@1.0.5'
Oct-18 15:16:34.735 [main] DEBUG nextflow.plugin.BasePlugin - Plugin started nf-amazon@1.0.5
Oct-18 15:16:34.748 [main] DEBUG nextflow.file.FileHelper - > Added 'S3FileSystemProvider' to list of installed providers [s3]
Oct-18 15:16:34.793 [main] DEBUG nextflow.Session - Session uuid: 3e8a8978-1a23-43d4-822e-13fcf0c13b67
Oct-18 15:16:34.793 [main] DEBUG nextflow.Session - Run name: mad_crick
Oct-18 15:16:34.793 [main] DEBUG nextflow.Session - Executor pool size: 20
Oct-18 15:16:34.822 [main] DEBUG nextflow.file.FileHelper - Creating a file system instance for provider: S3FileSystemProvider
Oct-18 15:16:34.832 [main] DEBUG nextflow.Global - Using AWS credential defined in `default` section in file: /Users/greningerlab/.aws/credentials
Oct-18 15:16:34.840 [main] DEBUG nextflow.file.FileHelper - AWS S3 config details: {secret_key=gMGiu7.., max_connections=4, region=us-west-2, access_key=AKIAVT..}
Oct-18 15:16:35.382 [main] DEBUG nextflow.cli.CmdRun - 
  Version: 21.04.1 build 5556
  Created: 14-05-2021 15:20 UTC (08:20 PDT)
  System: Mac OS X 10.16
  Runtime: Groovy 3.0.7 on OpenJDK 64-Bit Server VM 11.0.6+8-b765.1
  Encoding: UTF-8 (UTF-8)
  Process: 8344@H4TFN2Q2PN7C.local [140.142.101.131]
  CPUs: 20 - Mem: 72 GB (2.2 GB) - Swap: 2 GB (1.5 GB)
Oct-18 15:16:35.840 [main] WARN  com.amazonaws.util.Base64 - JAXB is unavailable. Will fallback to SDK implementation which may be less performant
Oct-18 15:16:35.846 [main] DEBUG nextflow.Session - Work-dir: s3://covid19-work/ [Mac OS X]
Oct-18 15:16:35.846 [main] DEBUG nextflow.Session - Script base path does not exist or is not a directory: /Users/greningerlab/Documents/KC/Pipelines/HPV_Pipeline/bin
Oct-18 15:16:35.912 [main] DEBUG nextflow.executor.ExecutorFactory - Extension executors providers=[AwsBatchExecutor]
Oct-18 15:16:35.923 [main] DEBUG nextflow.Session - Observer factory: DefaultObserverFactory
Oct-18 15:16:36.021 [main] DEBUG nextflow.Session - Session start invoked
Oct-18 15:16:36.922 [main] DEBUG nextflow.script.ScriptRunner - > Launching execution
Oct-18 15:16:36.931 [main] DEBUG nextflow.Session - Workflow process names [dsl1]: Mapping_skipTrim, Analysis, Mapping, Analysis_skipTrim, Trimming
Oct-18 15:16:36.999 [PathVisitor-1] DEBUG nextflow.file.PathVisitor - files for syntax: glob; folder: /Users/greningerlab/Documents/KC/Pipeline_Runs/HPV-PL_Testing/input_fastq/; pattern: *.gz; options: [:]
Oct-18 15:16:37.053 [main] INFO  nextflow.Nextflow - _______________________________________________________________________________
Oct-18 15:16:37.054 [main] INFO  nextflow.Nextflow -  Human Papilloma Virus Pipeline :  v1.0
Oct-18 15:16:37.054 [main] INFO  nextflow.Nextflow - _______________________________________________________________________________
Oct-18 15:16:37.059 [main] INFO  nextflow.Nextflow - Configuration Profile:: standard
Current directory path:: /Users/greningerlab/Documents/KC/Pipelines/HPV_Pipeline/scripts
HRV Pipeline directory path:: /Users/greningerlab/Documents/KC/Pipelines/HPV_Pipeline
Input directory path:: /Users/greningerlab/Documents/KC/Pipeline_Runs/HPV-PL_Testing/input_fastq/
Output directory path:: /Users/greningerlab/Documents/KC/Pipeline_Runs/HPV-PL_Testing/hpv-pl_output/
Work directory path: : /covid19-work/
Sequence type:       : Single-End
Trimmomatic adapters:: /Users/greningerlab/Documents/KC/Pipelines/HPV_Pipeline/adapters/TruSeq2-SE.fa
Trimmomatic read length (minimum):: 35
Trimmomatic Setting: : 2:30:10:1:true
Trimmomatic Sliding Window:: 4:20
Trimmomatic Leading: : 3
Trimmomatic Trailing:: 3
Oct-18 15:16:37.059 [main] INFO  nextflow.Nextflow - _______________________________________________________________________________
Oct-18 15:16:37.134 [main] DEBUG nextflow.script.ProcessConfig - Config settings `withName:Trimming` matches process Trimming
Oct-18 15:16:37.138 [main] DEBUG nextflow.executor.ExecutorFactory - << taskConfig executor: awsbatch
Oct-18 15:16:37.138 [main] DEBUG nextflow.executor.ExecutorFactory - >> processorType: 'awsbatch'
Oct-18 15:16:37.141 [main] DEBUG nextflow.executor.Executor - [warm up] executor > awsbatch
Oct-18 15:16:37.163 [main] DEBUG nextflow.util.ThrottlingExecutor - Creating throttling executor with opts: nextflow.util.ThrottlingExecutor$Options(poolName:AWSBatch-executor, limiter:RateLimiter[stableRate=50.0qps], poolSize:100, maxPoolSize:100, queueSize:5000, maxRetries:10, keepAlive:1m, autoThrottle:true, errorBurstDelay:1s, rampUpInterval:100, rampUpFactor:1.2, rampUpMaxRate:1.7976931348623157E308, backOffFactor:2.0, backOffMinRate:0.0166666667, retryDelay:1s)
Oct-18 15:16:37.170 [main] DEBUG nextflow.util.ThrottlingExecutor - Creating throttling executor with opts: nextflow.util.ThrottlingExecutor$Options(poolName:AWSBatch-reaper, limiter:RateLimiter[stableRate=50.0qps], poolSize:100, maxPoolSize:100, queueSize:5000, maxRetries:10, keepAlive:1m, autoThrottle:true, errorBurstDelay:1s, rampUpInterval:100, rampUpFactor:1.2, rampUpMaxRate:1.7976931348623157E308, backOffFactor:2.0, backOffMinRate:0.0166666667, retryDelay:1s)
Oct-18 15:16:37.172 [main] DEBUG n.cloud.aws.batch.AwsBatchExecutor - Creating parallel monitor for executor 'awsbatch' > pollInterval=10s; dumpInterval=5m
Oct-18 15:16:37.208 [main] DEBUG nextflow.Global - Using AWS credential defined in `default` section in file: /Users/greningerlab/.aws/credentials
Oct-18 15:16:37.359 [SIGINT handler] DEBUG nextflow.Session - Session aborted -- Cause: SIGINT
Oct-18 15:16:37.412 [main] DEBUG n.cloud.aws.batch.AwsBatchExecutor - [AWS BATCH] Executor options=AwsOptions(cliPath:/home/ec2-user/miniconda/bin/aws, storageClass:null, storageEncryption:null, remoteBinDir:null, region:us-west-2, maxParallelTransfers:16, maxTransferAttempts:1, delayBetweenAttempts:10s, fetchInstanceType:false, jobRole:null, volumes:[], awsCli:/home/ec2-user/miniconda/bin/aws --region us-west-2)
Oct-18 15:16:37.487 [main] DEBUG nextflow.script.ProcessConfig - Config settings `withName:Mapping` matches process Mapping
Oct-18 15:16:37.488 [main] DEBUG nextflow.executor.ExecutorFactory - << taskConfig executor: awsbatch
Oct-18 15:16:37.489 [main] DEBUG nextflow.executor.ExecutorFactory - >> processorType: 'awsbatch'
Oct-18 15:16:37.518 [main] DEBUG nextflow.script.ProcessConfig - Config settings `withName:Analysis` matches process Analysis
Oct-18 15:16:37.518 [main] DEBUG nextflow.executor.ExecutorFactory - << taskConfig executor: awsbatch
Oct-18 15:16:37.518 [main] DEBUG nextflow.executor.ExecutorFactory - >> processorType: 'awsbatch'
Oct-18 15:16:37.528 [main] DEBUG nextflow.script.ScriptRunner - > Await termination 
Oct-18 15:16:37.528 [main] DEBUG nextflow.Session - Session await
Oct-18 15:16:37.528 [main] DEBUG nextflow.Session - Session await > all process finished
Oct-18 15:16:37.529 [main] DEBUG nextflow.Session - Session await > all barriers passed
Oct-18 15:16:37.538 [main] DEBUG nextflow.trace.WorkflowStatsObserver - Workflow completed > WorkflowStats[succeededCount=0; failedCount=0; ignoredCount=0; cachedCount=0; pendingCount=0; submittedCount=0; runningCount=0; retriesCount=0; abortedCount=0; succeedDuration=0ms; failedDuration=0ms; cachedDuration=0ms;loadCpus=0; loadMemory=0; peakRunning=0; peakCpus=0; peakMemory=0; ]
Oct-18 15:16:37.549 [main] DEBUG nextflow.CacheDB - Closing CacheDB done
Oct-18 15:16:37.549 [main] INFO  org.pf4j.AbstractPluginManager - Stop plugin 'nf-amazon@1.0.5'
Oct-18 15:16:37.549 [main] DEBUG nextflow.plugin.BasePlugin - Plugin stopped nf-amazon
Oct-18 15:16:37.576 [main] DEBUG nextflow.script.ScriptRunner - > Execution complete -- Goodbye
